2025/06/08 01:13:46 - INFO - 09919539524 >>> Hi sara Did you forget your password? Your verification code is 755138.
2025/06/08 01:15:08 - INFO - 09919539524 >>> Hi sara Did you forget your password? Your verification code is 185715.
2025/06/08 01:21:15 - INFO - 09919539524 >>> Hi sara Did you forget your password? Your verification code is 989902.
2025/06/08 01:21:51 - INFO - 09919539524 >>> Hi sara Did you forget your password? Your verification code is 941370.
2025/06/08 01:22:37 - INFO - 09919539524 >>> Hi sara Did you forget your password? Your verification code is 599167.
2025/06/08 01:22:55 - INFO - 09919539524 >>> Hi sara Did you forget your password? Your verification code is 740683.
2025/06/08 01:25:27 - INFO - 09919539524 >>> Hi sara Did you forget your password? Your verification code is 698156.
2025/06/08 01:36:20 - INFO - 09919539524 >>> Hi sara Did you forget your password? Your verification code is 298025.
2025/06/08 01:52:53 - INFO - 09919539524 >>> Hi sara Did you forget your password? Your verification code is 744849.
2025/06/08 02:03:36 - INFO - 09919539524 >>> Hi sara Did you forget your password? Your verification code is 553210.
2025/07/24 18:22:54 - INFO - 09114405287 >>> Hi elaa Did you forget your password? Your verification code is 67538.
2025/07/24 18:27:52 - INFO - 09919539524 >>> Hi sara Did you forget your password? Your verification code is 36153.
2025/07/24 18:39:25 - INFO - 09919539524 >>> Hi sara Did you forget your password? Your verification code is 44273.
2025/07/24 18:39:42 - INFO - 09919539524 >>> Hi sara Did you forget your password? Your verification code is 76387.
2025/07/24 18:40:35 - INFO - 09114405287 >>> Hi elaa Did you forget your password? Your verification code is 35075.
2025/07/24 18:44:58 - INFO - 09114405287 >>> Hi elaa Did you forget your password? Your verification code is 22589.
2025/07/24 18:45:13 - INFO - 09919539524 >>> Hi sara Did you forget your password? Your verification code is 84208.
2025/07/24 18:49:19 - INFO - 09114405287 >>> Hi elaa Did you forget your password? Your verification code is 50772.
2025/07/24 19:01:56 - INFO - 09114405287 >>> Hi elaa Did you forget your password? Your verification code is 41819.
2025/07/24 19:01:57 - INFO - 09114405287 >>> Hi elaa Did you forget your password? Your verification code is 63481.
2025/07/24 19:05:47 - INFO - 09114405287 >>> Hi elaa Did you forget your password? Your verification code is 89903.
2025/07/24 21:52:53 - INFO - 09114405266 >>> Welocme to Peydachi. Your verification code is 94973.
2025/07/24 21:53:30 - INFO - 09114405266 >>> Welocme to Peydachi. Your verification code is 77176.
2025/07/24 21:59:38 - INFO - 09114405299 >>> Welocme to Peydachi. Your verification code is 98365.
2025/07/24 22:01:28 - INFO - 09114405299 >>> Welocme to Peydachi. Your verification code is 32767.
2025/07/24 22:03:15 - INFO - 09114405299 >>> Welocme to Peydachi. Your verification code is 32591.
2025/07/24 22:07:38 - INFO - 09114405244 >>> Welocme to Peydachi. Your verification code is 26715.
2025/07/24 22:09:38 - INFO - 09114458271 >>> Welocme to Peydachi. Your verification code is 13959.
2025/07/24 22:13:40 - INFO - 09915284765 >>> Welocme to Peydachi. Your verification code is 89098.
2025/07/25 22:31:43 - INFO - 09112278761 >>> Hi admin Did you forget your password? Your verification code is 63701.
2025/07/25 22:32:02 - INFO - 09112278761 >>> Hi admin Did you forget your password? Your verification code is 14410.
2025/07/25 22:32:11 - INFO - 09112278761 >>> Hi admin Did you forget your password? Your verification code is 38923.
2025/07/25 22:32:45 - INFO - 09112278761 >>> Hi admin Did you forget your password? Your verification code is 48498.
2025/07/25 22:33:19 - INFO - 09112278761 >>> Hi admin Did you forget your password? Your verification code is 39582.
2025/07/25 22:35:16 - INFO - 09228217408 >>> Welocme to Peydachi. Your verification code is 81354.
2025/07/25 22:35:17 - INFO - 09228217408 >>> Welocme to Peydachi. Your verification code is 79809.
2025/07/25 22:36:03 - WARNING - (trapped) error reading bcrypt version
Traceback (most recent call last):
  File "d:\Projects\Peydachi\Backend_Peydachi\.venv\Lib\site-packages\passlib\handlers\bcrypt.py", line 620, in _load_backend_mixin
    version = _bcrypt.__about__.__version__
              ^^^^^^^^^^^^^^^^^
AttributeError: module 'bcrypt' has no attribute '__about__'
2025/07/26 16:51:09 - INFO - 09114408031 >>> Hi elahe Did you forget your password? Your verification code is 73933.
2025/07/26 16:52:12 - INFO - 09114408031 >>> Hi elahe Did you forget your password? Your verification code is 36411.
2025/07/26 16:52:41 - INFO - 09114408031 >>> Hi elahe Did you forget your password? Your verification code is 46826.
2025/07/26 16:53:21 - INFO - 09114408031 >>> Hi elahe Did you forget your password? Your verification code is 58946.
2025/07/26 16:53:32 - INFO - 09114408031 >>> Hi elahe Did you forget your password? Your verification code is 40324.
2025/07/26 16:54:47 - INFO - 09114405287 >>> Hi elaa Did you forget your password? Your verification code is 95904.
2025/07/26 16:55:05 - INFO - 09114405287 >>> Hi elaa Did you forget your password? Your verification code is 64530.
2025/07/26 16:57:33 - INFO - 09114405287 >>> Hi elaa Did you forget your password? Your verification code is 58821.
2025/07/26 16:57:41 - INFO - 09114405287 >>> Hi elaa Did you forget your password? Your verification code is 85503.
2025/07/26 16:59:26 - INFO - 09114405287 >>> Hi elaa Did you forget your password? Your verification code is 86009.
2025/07/26 16:59:38 - INFO - 09114405287 >>> Hi elaa Did you forget your password? Your verification code is 76236.
2025/07/26 16:59:54 - INFO - 09114405287 >>> Hi elaa Did you forget your password? Your verification code is 84359.
2025/07/26 17:00:54 - INFO - 09114405287 >>> Hi elaa Did you forget your password? Your verification code is 35709.
2025/07/26 17:02:30 - INFO - 09114405287 >>> Hi elaa Did you forget your password? Your verification code is 46492.
2025/07/26 17:07:40 - INFO - 09114408031 >>> Hi elahe Did you forget your password? Your verification code is 50616.
2025/07/26 17:10:10 - INFO - 09114408031 >>> Hi elahe Did you forget your password? Your verification code is 19267.
2025/07/26 17:11:44 - WARNING - (trapped) error reading bcrypt version
Traceback (most recent call last):
  File "e:\project\Peydachi\Backend_Peydachi\.venv\Lib\site-packages\passlib\handlers\bcrypt.py", line 620, in _load_backend_mixin
    version = _bcrypt.__about__.__version__
              ^^^^^^^^^^^^^^^^^
AttributeError: module 'bcrypt' has no attribute '__about__'
2025/07/26 19:16:21 - INFO - 09114408031 >>> Hi elahe Did you forget your password? Your verification code is 19571.
2025/07/26 19:16:55 - INFO - 09114408031 >>> Hi elahe Did you forget your password? Your verification code is 85121.
2025/07/27 01:04:31 - INFO - 09114408031 >>> Hi elahe Did you forget your password? Your verification code is 21499.
2025/07/27 01:04:38 - INFO - 09114408031 >>> Hi elahe Did you forget your password? Your verification code is 43100.
2025/07/27 01:25:04 - INFO - 09114408031 >>> Hi elahe Did you forget your password? Your verification code is 35967.
